<?xml version="1.0" encoding="UTF-8"?>
<!-- Generated by org.testng.reporters.JUnitXMLReporter -->
<testsuite ignored="0" hostname="DESKTOP-AUNOB26" failures="0" tests="4" name="Default test" time="101.194" errors="0" timestamp="2022-08-06T13:36:10 IST">
  <testcase classname="TestCase.LoginPageText" name="GetTitleTest" time="0.051"/>
  <testcase classname="TestCase.LoginPageText" name="LoginToAppTest" time="10.576"/>
  <testcase classname="TestCase.LoginPageText" name="verifyKiteLogoTest" time="0.172"/>
  <testcase classname="TestCase.LoginPageText" name="verifyZerodhaLogoTest" time="0.038"/>
</testsuite> <!-- Default test -->
