<?xml version="1.0" encoding="UTF-8"?>
<testng-results ignored="0" total="4" passed="4" failed="0" skipped="0">
  <reporter-output>
  </reporter-output>
  <suite started-at="2022-08-06T13:34:29 IST" name="Default suite" finished-at="2022-08-06T13:36:10 IST" duration-ms="101194">
    <groups>
    </groups>
    <test started-at="2022-08-06T13:34:29 IST" name="Default test" finished-at="2022-08-06T13:36:10 IST" duration-ms="101194">
      <class name="TestCase.LoginPageText">
        <test-method is-config="true" signature="setup()[pri:0, instance:TestCase.LoginPageText@3c73951]" started-at="2022-08-06T13:34:29 IST" name="setup" finished-at="2022-08-06T13:35:09 IST" duration-ms="39888" status="PASS">
          <reporter-output>
          </reporter-output>
        </test-method> <!-- setup -->
        <test-method signature="GetTitleTest()[pri:0, instance:TestCase.LoginPageText@3c73951]" started-at="2022-08-06T13:35:09 IST" name="GetTitleTest" finished-at="2022-08-06T13:35:09 IST" duration-ms="51" status="PASS">
          <reporter-output>
          </reporter-output>
        </test-method> <!-- GetTitleTest -->
        <test-method is-config="true" signature="exit()[pri:0, instance:TestCase.LoginPageText@3c73951]" started-at="2022-08-06T13:35:09 IST" name="exit" finished-at="2022-08-06T13:35:10 IST" duration-ms="998" status="PASS">
          <reporter-output>
          </reporter-output>
        </test-method> <!-- exit -->
        <test-method is-config="true" signature="setup()[pri:0, instance:TestCase.LoginPageText@3c73951]" started-at="2022-08-06T13:35:10 IST" name="setup" finished-at="2022-08-06T13:35:25 IST" duration-ms="15058" status="PASS">
          <reporter-output>
          </reporter-output>
        </test-method> <!-- setup -->
        <test-method signature="LoginToAppTest()[pri:0, instance:TestCase.LoginPageText@3c73951]" started-at="2022-08-06T13:35:25 IST" name="LoginToAppTest" finished-at="2022-08-06T13:35:35 IST" duration-ms="10576" status="PASS">
          <reporter-output>
          </reporter-output>
        </test-method> <!-- LoginToAppTest -->
        <test-method is-config="true" signature="exit()[pri:0, instance:TestCase.LoginPageText@3c73951]" started-at="2022-08-06T13:35:35 IST" name="exit" finished-at="2022-08-06T13:35:40 IST" duration-ms="4643" status="PASS">
          <reporter-output>
          </reporter-output>
        </test-method> <!-- exit -->
        <test-method is-config="true" signature="setup()[pri:0, instance:TestCase.LoginPageText@3c73951]" started-at="2022-08-06T13:35:40 IST" name="setup" finished-at="2022-08-06T13:35:58 IST" duration-ms="18306" status="PASS">
          <reporter-output>
          </reporter-output>
        </test-method> <!-- setup -->
        <test-method signature="verifyKiteLogoTest()[pri:0, instance:TestCase.LoginPageText@3c73951]" started-at="2022-08-06T13:35:58 IST" name="verifyKiteLogoTest" finished-at="2022-08-06T13:35:59 IST" duration-ms="172" status="PASS">
          <reporter-output>
          </reporter-output>
        </test-method> <!-- verifyKiteLogoTest -->
        <test-method is-config="true" signature="exit()[pri:0, instance:TestCase.LoginPageText@3c73951]" started-at="2022-08-06T13:35:59 IST" name="exit" finished-at="2022-08-06T13:35:59 IST" duration-ms="264" status="PASS">
          <reporter-output>
          </reporter-output>
        </test-method> <!-- exit -->
        <test-method is-config="true" signature="setup()[pri:0, instance:TestCase.LoginPageText@3c73951]" started-at="2022-08-06T13:35:59 IST" name="setup" finished-at="2022-08-06T13:36:10 IST" duration-ms="10891" status="PASS">
          <reporter-output>
          </reporter-output>
        </test-method> <!-- setup -->
        <test-method signature="verifyZerodhaLogoTest()[pri:0, instance:TestCase.LoginPageText@3c73951]" started-at="2022-08-06T13:36:10 IST" name="verifyZerodhaLogoTest" finished-at="2022-08-06T13:36:10 IST" duration-ms="38" status="PASS">
          <reporter-output>
          </reporter-output>
        </test-method> <!-- verifyZerodhaLogoTest -->
        <test-method is-config="true" signature="exit()[pri:0, instance:TestCase.LoginPageText@3c73951]" started-at="2022-08-06T13:36:10 IST" name="exit" finished-at="2022-08-06T13:36:10 IST" duration-ms="225" status="PASS">
          <reporter-output>
          </reporter-output>
        </test-method> <!-- exit -->
      </class> <!-- TestCase.LoginPageText -->
    </test> <!-- Default test -->
  </suite> <!-- Default suite -->
</testng-results>
